# JRE version: OpenJDK Runtime Environment (8.0_76-b03) (build 1.8.0_76-release-b03)
# Java VM: OpenJDK 64-Bit Server VM (25.76-b03 mixed mode windows-amd64 compressed oops)
Heap:
 PSYoungGen      total 191488K, used 121951K [0x00000000e0000000, 0x00000000ecc80000, 0x0000000100000000)
  eden space 173568K, 70% used [0x00000000e0000000,0x00000000e7717e38,0x00000000ea980000)
  from space 17920K, 0% used [0x00000000ea980000,0x00000000ea980000,0x00000000ebb00000)
  to   space 13824K, 0% used [0x00000000ebf00000,0x00000000ebf00000,0x00000000ecc80000)
 ParOldGen       total 95232K, used 35304K [0x00000000a0000000, 0x00000000a5d00000, 0x00000000e0000000)
  object space 95232K, 37% used [0x00000000a0000000,0x00000000a227a0c0,0x00000000a5d00000)
 Metaspace       used 65472K, capacity 67216K, committed 67376K, reserved 1107968K
  class space    used 8317K, capacity 8660K, committed 8752K, reserved 1048576K
GC Heap History (10 events):
Event: 48.695 GC heap before
{Heap before GC invocations=19 (full 3):
 PSYoungGen      total 191488K, used 191446K [0x00000000e0000000, 0x00000000ecc80000, 0x0000000100000000)
  eden space 173568K, 99% used [0x00000000e0000000,0x00000000ea97a0c8,0x00000000ea980000)
  from space 17920K, 99% used [0x00000000ea980000,0x00000000ebafbb00,0x00000000ebb00000)
  to   space 13824K, 0% used [0x00000000ebf00000,0x00000000ebf00000,0x00000000ecc80000)
 ParOldGen       total 91648K, used 50217K [0x00000000a0000000, 0x00000000a5980000, 0x00000000e0000000)
  object space 91648K, 54% used [0x00000000a0000000,0x00000000a310a4a0,0x00000000a5980000)
 Metaspace       used 62285K, capacity 63896K, committed 63920K, reserved 1105920K
  class space    used 7990K, capacity 8356K, committed 8368K, reserved 1048576K
Event: 48.811 GC heap after
Heap after GC invocations=19 (full 3):
 PSYoungGen      total 187392K, used 13811K [0x00000000e0000000, 0x00000000ecc80000, 0x0000000100000000)
  eden space 173568K, 0% used [0x00000000e0000000,0x00000000e0000000,0x00000000ea980000)
  from space 13824K, 99% used [0x00000000ebf00000,0x00000000ecc7ce20,0x00000000ecc80000)
  to   space 17920K, 0% used [0x00000000ea980000,0x00000000ea980000,0x00000000ebb00000)
 ParOldGen       total 95232K, used 94798K [0x00000000a0000000, 0x00000000a5d00000, 0x00000000e0000000)
  object space 95232K, 99% used [0x00000000a0000000,0x00000000a5c93960,0x00000000a5d00000)
 Metaspace       used 62285K, capacity 63896K, committed 63920K, reserved 1105920K
  class space    used 7990K, capacity 8356K, committed 8368K, reserved 1048576K
}
Event: 48.811 GC heap before
{Heap before GC invocations=20 (full 4):
 PSYoungGen      total 187392K, used 13811K [0x00000000e0000000, 0x00000000ecc80000, 0x0000000100000000)
  eden space 173568K, 0% used [0x00000000e0000000,0x00000000e0000000,0x00000000ea980000)
  from space 13824K, 99% used [0x00000000ebf00000,0x00000000ecc7ce20,0x00000000ecc80000)
  to   space 17920K, 0% used [0x00000000ea980000,0x00000000ea980000,0x00000000ebb00000)
 ParOldGen       total 95232K, used 94798K [0x00000000a0000000, 0x00000000a5d00000, 0x00000000e0000000)
  object space 95232K, 99% used [0x00000000a0000000,0x00000000a5c93960,0x00000000a5d00000)
 Metaspace       used 62285K, capacity 63896K, committed 63920K, reserved 1105920K
  class space    used 7990K, capacity 8356K, committed 8368K, reserved 1048576K
Event: 49.206 GC heap after
Heap after GC invocations=20 (full 4):
 PSYoungGen      total 187392K, used 0K [0x00000000e0000000, 0x00000000ecc80000, 0x0000000100000000)
  eden space 173568K, 0% used [0x00000000e0000000,0x00000000e0000000,0x00000000ea980000)
  from space 13824K, 0% used [0x00000000ebf00000,0x00000000ebf00000,0x00000000ecc80000)
  to   space 17920K, 0% used [0x00000000ea980000,0x00000000ea980000,0x00000000ebb00000)
 ParOldGen       total 95232K, used 79009K [0x00000000a0000000, 0x00000000a5d00000, 0x00000000e0000000)
  object space 95232K, 82% used [0x00000000a0000000,0x00000000a4d28580,0x00000000a5d00000)
 Metaspace       used 62284K, capacity 63894K, committed 63920K, reserved 1105920K
  class space    used 7990K, capacity 8355K, committed 8368K, reserved 1048576K
}
Event: 51.466 GC heap before
{Heap before GC invocations=21 (full 5):
 PSYoungGen      total 187392K, used 173568K [0x00000000e0000000, 0x00000000ecc80000, 0x0000000100000000)
  eden space 173568K, 100% used [0x00000000e0000000,0x00000000ea980000,0x00000000ea980000)
  from space 13824K, 0% used [0x00000000ebf00000,0x00000000ebf00000,0x00000000ecc80000)
  to   space 17920K, 0% used [0x00000000ea980000,0x00000000ea980000,0x00000000ebb00000)
 ParOldGen       total 95232K, used 79009K [0x00000000a0000000, 0x00000000a5d00000, 0x00000000e0000000)
  object space 95232K, 82% used [0x00000000a0000000,0x00000000a4d28580,0x00000000a5d00000)
 Metaspace       used 64737K, capacity 66396K, committed 66608K, reserved 1107968K
  class space    used 8273K, capacity 8626K, committed 8752K, reserved 1048576K
Event: 51.597 GC heap after
Heap after GC invocations=21 (full 5):
 PSYoungGen      total 187392K, used 0K [0x00000000e0000000, 0x00000000ecc80000, 0x0000000100000000)
  eden space 173568K, 0% used [0x00000000e0000000,0x00000000e0000000,0x00000000ea980000)
  from space 13824K, 0% used [0x00000000ebf00000,0x00000000ebf00000,0x00000000ecc80000)
  to   space 17920K, 0% used [0x00000000ea980000,0x00000000ea980000,0x00000000ebb00000)
 ParOldGen       total 95232K, used 44797K [0x00000000a0000000, 0x00000000a5d00000, 0x00000000e0000000)
  object space 95232K, 47% used [0x00000000a0000000,0x00000000a2bbf5c0,0x00000000a5d00000)
 Metaspace       used 64737K, capacity 66396K, committed 66608K, reserved 1107968K
  class space    used 8273K, capacity 8626K, committed 8752K, reserved 1048576K
}
Event: 51.737 GC heap before
{Heap before GC invocations=22 (full 5):
 PSYoungGen      total 187392K, used 3376K [0x00000000e0000000, 0x00000000ecc80000, 0x0000000100000000)
  eden space 173568K, 1% used [0x00000000e0000000,0x00000000e034c030,0x00000000ea980000)
  from space 13824K, 0% used [0x00000000ebf00000,0x00000000ebf00000,0x00000000ecc80000)
  to   space 17920K, 0% used [0x00000000ea980000,0x00000000ea980000,0x00000000ebb00000)
 ParOldGen       total 95232K, used 44797K [0x00000000a0000000, 0x00000000a5d00000, 0x00000000e0000000)
  object space 95232K, 47% used [0x00000000a0000000,0x00000000a2bbf5c0,0x00000000a5d00000)
 Metaspace       used 64857K, capacity 66524K, committed 66864K, reserved 1107968K
  class space    used 8291K, capacity 8626K, committed 8752K, reserved 1048576K
Event: 51.740 GC heap after
Heap after GC invocations=22 (full 5):
 PSYoungGen      total 191488K, used 250K [0x00000000e0000000, 0x00000000ecc80000, 0x0000000100000000)
  eden space 173568K, 0% used [0x00000000e0000000,0x00000000e0000000,0x00000000ea980000)
  from space 17920K, 1% used [0x00000000ea980000,0x00000000ea9be928,0x00000000ebb00000)
  to   space 13824K, 0% used [0x00000000ebf00000,0x00000000ebf00000,0x00000000ecc80000)
 ParOldGen       total 95232K, used 44805K [0x00000000a0000000, 0x00000000a5d00000, 0x00000000e0000000)
  object space 95232K, 47% used [0x00000000a0000000,0x00000000a2bc15c0,0x00000000a5d00000)
 Metaspace       used 64857K, capacity 66524K, committed 66864K, reserved 1107968K
  class space    used 8291K, capacity 8626K, committed 8752K, reserved 1048576K
}
Event: 51.740 GC heap before
{Heap before GC invocations=23 (full 6):
 PSYoungGen      total 191488K, used 250K [0x00000000e0000000, 0x00000000ecc80000, 0x0000000100000000)
  eden space 173568K, 0% used [0x00000000e0000000,0x00000000e0000000,0x00000000ea980000)
  from space 17920K, 1% used [0x00000000ea980000,0x00000000ea9be928,0x00000000ebb00000)
  to   space 13824K, 0% used [0x00000000ebf00000,0x00000000ebf00000,0x00000000ecc80000)
 ParOldGen       total 95232K, used 44805K [0x00000000a0000000, 0x00000000a5d00000, 0x00000000e0000000)
  object space 95232K, 47% used [0x00000000a0000000,0x00000000a2bc15c0,0x00000000a5d00000)
 Metaspace       used 64857K, capacity 66524K, committed 66864K, reserved 1107968K
  class space    used 8291K, capacity 8626K, committed 8752K, reserved 1048576K
Event: 52.096 GC heap after
Heap after GC invocations=23 (full 6):
 PSYoungGen      total 191488K, used 0K [0x00000000e0000000, 0x00000000ecc80000, 0x0000000100000000)
  eden space 173568K, 0% used [0x00000000e0000000,0x00000000e0000000,0x00000000ea980000)
  from space 17920K, 0% used [0x00000000ea980000,0x00000000ea980000,0x00000000ebb00000)
  to   space 13824K, 0% used [0x00000000ebf00000,0x00000000ebf00000,0x00000000ecc80000)
 ParOldGen       total 95232K, used 35304K [0x00000000a0000000, 0x00000000a5d00000, 0x00000000e0000000)
  object space 95232K, 37% used [0x00000000a0000000,0x00000000a227a0c0,0x00000000a5d00000)
 Metaspace       used 64857K, capacity 66524K, committed 66864K, reserved 1107968K
  class space    used 8291K, capacity 8626K, committed 8752K, reserved 1048576K
}

